0 info it worked if it ends with ok
1 verbose cli [ 'C:\\Program Files\\nodejs\\node.exe',
1 verbose cli   'C:\\Program Files\\nodejs\\node_modules\\npm\\bin\\npm-cli.js',
1 verbose cli   'install',
1 verbose cli   '-g',
1 verbose cli   'ionic' ]
2 info using npm@2.14.12
3 info using node@v4.2.6
4 verbose install initial load of C:\Users\Marco\AppData\Roaming\npm\package.json
5 verbose readDependencies loading dependencies from C:\Users\Marco\AppData\Roaming\npm\package.json
6 silly cache add args [ 'ionic', null ]
7 verbose cache add spec ionic
8 silly cache add parsed spec Result {
8 silly cache add   raw: 'ionic',
8 silly cache add   scope: null,
8 silly cache add   name: 'ionic',
8 silly cache add   rawSpec: '',
8 silly cache add   spec: 'latest',
8 silly cache add   type: 'tag' }
9 silly addNamed ionic@latest
10 verbose addNamed "latest" is being treated as a dist-tag for ionic
11 info addNameTag [ 'ionic', 'latest' ]
12 silly mapToRegistry name ionic
13 silly mapToRegistry using default registry
14 silly mapToRegistry registry https://registry.npmjs.org/
15 silly mapToRegistry uri https://registry.npmjs.org/ionic
16 verbose addNameTag registry:https://registry.npmjs.org/ionic not in flight; fetching
17 verbose request uri https://registry.npmjs.org/ionic
18 verbose request no auth needed
19 info attempt registry request try #1 at 8:59:47 PM
20 verbose request id f49558e5b2800b03
21 verbose etag "6PII78BB43TSAD8WRLFUS00I2"
22 http request GET https://registry.npmjs.org/ionic
23 http 200 https://registry.npmjs.org/ionic
24 verbose headers { server: 'CouchDB/1.5.0 (Erlang OTP/R16B03)',
24 verbose headers   etag: '"5BEP3CRV62B72DAUZQOCVTPA3"',
24 verbose headers   'content-type': 'application/json',
24 verbose headers   'cache-control': 'max-age=300',
24 verbose headers   'content-length': '667649',
24 verbose headers   'accept-ranges': 'bytes',
24 verbose headers   date: 'Tue, 16 Feb 2016 18:59:54 GMT',
24 verbose headers   via: '1.1 varnish',
24 verbose headers   age: '285',
24 verbose headers   connection: 'keep-alive',
24 verbose headers   'x-served-by': 'cache-lhr6332-LHR',
24 verbose headers   'x-cache': 'HIT',
24 verbose headers   'x-cache-hits': '1',
24 verbose headers   'x-timer': 'S1455649194.093228,VS0,VE1',
24 verbose headers   vary: 'Accept' }
25 silly get cb [ 200,
25 silly get   { server: 'CouchDB/1.5.0 (Erlang OTP/R16B03)',
25 silly get     etag: '"5BEP3CRV62B72DAUZQOCVTPA3"',
25 silly get     'content-type': 'application/json',
25 silly get     'cache-control': 'max-age=300',
25 silly get     'content-length': '667649',
25 silly get     'accept-ranges': 'bytes',
25 silly get     date: 'Tue, 16 Feb 2016 18:59:54 GMT',
25 silly get     via: '1.1 varnish',
25 silly get     age: '285',
25 silly get     connection: 'keep-alive',
25 silly get     'x-served-by': 'cache-lhr6332-LHR',
25 silly get     'x-cache': 'HIT',
25 silly get     'x-cache-hits': '1',
25 silly get     'x-timer': 'S1455649194.093228,VS0,VE1',
25 silly get     vary: 'Accept' } ]
26 verbose get saving ionic to C:\Users\Marco\AppData\Roaming\npm-cache\registry.npmjs.org\ionic\.cache.json
27 silly addNameTag next cb for ionic with tag latest
28 silly addNamed ionic@1.7.14
29 verbose addNamed "1.7.14" is a plain semver version for ionic
30 silly mapToRegistry name ionic
31 silly mapToRegistry using default registry
32 silly mapToRegistry registry https://registry.npmjs.org/
33 silly mapToRegistry uri https://registry.npmjs.org/ionic
34 verbose addRemoteTarball https://registry.npmjs.org/ionic/-/ionic-1.7.14.tgz not in flight; adding
35 verbose addRemoteTarball [ 'https://registry.npmjs.org/ionic/-/ionic-1.7.14.tgz',
35 verbose addRemoteTarball   'af493d5df4688d917d778b0934d1739b9be6efe6' ]
36 info retry fetch attempt 1 at 8:59:52 PM
37 info attempt registry request try #1 at 8:59:52 PM
38 http fetch GET https://registry.npmjs.org/ionic/-/ionic-1.7.14.tgz
39 http fetch 200 https://registry.npmjs.org/ionic/-/ionic-1.7.14.tgz
40 info retry will retry, error on last attempt: Error: read ECONNRESET
41 info retry will retry, error on last attempt: Error: read ECONNRESET
42 silly fetchAndShaCheck shasum af493d5df4688d917d778b0934d1739b9be6efe6
43 verbose stack Error: shasum check failed for C:\Users\Marco\AppData\Local\Temp\npm-5388-b3f69f85\registry.npmjs.org\ionic\-\ionic-1.7.14.tgz
43 verbose stack Expected: af493d5df4688d917d778b0934d1739b9be6efe6
43 verbose stack Actual:   d52c3ac59619583ee92c1d435c4c6fcfa1b0c0b5
43 verbose stack From:     https://registry.npmjs.org/ionic/-/ionic-1.7.14.tgz
43 verbose stack     at C:\Program Files\nodejs\node_modules\npm\node_modules\sha\index.js:25:8
43 verbose stack     at ReadStream.<anonymous> (C:\Program Files\nodejs\node_modules\npm\node_modules\sha\index.js:72:7)
43 verbose stack     at emitNone (events.js:72:20)
43 verbose stack     at ReadStream.emit (events.js:166:7)
43 verbose stack     at endReadableNT (_stream_readable.js:905:12)
43 verbose stack     at nextTickCallbackWith2Args (node.js:441:9)
43 verbose stack     at process._tickCallback (node.js:355:17)
44 verbose cwd C:\dev\EliteScheduleApp
45 error Windows_NT 6.3.9600
46 error argv "C:\\Program Files\\nodejs\\node.exe" "C:\\Program Files\\nodejs\\node_modules\\npm\\bin\\npm-cli.js" "install" "-g" "ionic"
47 error node v4.2.6
48 error npm  v2.14.12
49 error shasum check failed for C:\Users\Marco\AppData\Local\Temp\npm-5388-b3f69f85\registry.npmjs.org\ionic\-\ionic-1.7.14.tgz
49 error Expected: af493d5df4688d917d778b0934d1739b9be6efe6
49 error Actual:   d52c3ac59619583ee92c1d435c4c6fcfa1b0c0b5
49 error From:     https://registry.npmjs.org/ionic/-/ionic-1.7.14.tgz
50 error If you need help, you may report this error at:
50 error     <https://github.com/npm/npm/issues>
51 verbose exit [ 1, true ]
